 insert g5_shop_order
                    set od_id             = '2020032513091109',
                        mb_id             = 'yjjtest',
                        od_pwd            = '*94BDCEBE19083CE2A1F959FD02F964C7AF4CFC29',
                        od_name           = 'fname lname',
                        od_email          = 'test@test.test',
                        od_tel            = '01026694899',
                        od_hp             = '',
                        od_zip1           = '',
                        od_zip2           = '',
                        od_addr1          = 'Australia',
                        od_addr2          = 'fname',
                        od_addr3          = 'lname',
                        od_addr_jibeon    = '',
                        od_b_name         = '',
                        od_b_tel          = '01026694899',
                        od_b_hp           = '',
                        od_b_zip1         = '',
                        od_b_zip2         = '',
                        od_b_addr1        = '',
                        od_b_addr2        = '',
                        od_b_addr3        = '',
                        od_b_addr_jibeon  = '',
                        od_deposit_name   = '',
                        od_memo           = '',
                        od_cart_count     = '1',
                        od_cart_price     = '500',
                        od_cart_coupon    = '0',
                        od_send_cost      = '0',
                        od_send_coupon    = '0',
                        od_send_cost2     = '0',
                        od_coupon         = '0',
                        od_receipt_price  = '500',
                        od_receipt_point  = '0',
                        od_bank_account   = '',
                        od_receipt_time   = '2020-03-25 13:09:45',
                        od_misu           = '0',
                        od_pg             = 'eximbay',
                        od_tno            = 'EC4230299520200325000038',
                        od_app_no         = '974169',
                        od_escrow         = '0',
                        od_tax_flag       = '0',
                        od_tax_mny        = '455',
                        od_vat_mny        = '45',
                        od_free_mny       = '0',
                        od_status         = '입금',
                        od_shop_memo      = '',
                        od_hope_date      = '',
                        od_time           = '2020-03-25 13:09:19',
                        od_mobile         = '0',
                        od_ip             = '121.130.68.99',
                        od_settle_case    = '신용카드',
                        od_test           = '1',
                        od_eximbay_cur    = 'USD'
                        
 insert g5_shop_order
                    set od_id             = '2020032513111962',
                        mb_id             = 'imaneya',
                        od_pwd            = '*D00AFFFE3A06BA868435DC588DA52559C9DFAD08',
                        od_name           = 'Kim Byoungwook',
                        od_email          = 'imaneya@gmail.com',
                        od_tel            = '+821094072342',
                        od_hp             = '',
                        od_zip1           = '',
                        od_zip2           = '',
                        od_addr1          = 'Germany',
                        od_addr2          = 'Kim',
                        od_addr3          = 'Byoungwook',
                        od_addr_jibeon    = '',
                        od_b_name         = '',
                        od_b_tel          = '+821094072342',
                        od_b_hp           = '',
                        od_b_zip1         = '',
                        od_b_zip2         = '',
                        od_b_addr1        = '',
                        od_b_addr2        = 'asd',
                        od_b_addr3        = 'asd',
                        od_b_addr_jibeon  = '',
                        od_deposit_name   = '',
                        od_memo           = '',
                        od_cart_count     = '1',
                        od_cart_price     = '11',
                        od_cart_coupon    = '0',
                        od_send_cost      = '0',
                        od_send_coupon    = '0',
                        od_send_cost2     = '0',
                        od_coupon         = '0',
                        od_receipt_price  = '11',
                        od_receipt_point  = '0',
                        od_bank_account   = '',
                        od_receipt_time   = '2020-03-25 13:12:00',
                        od_misu           = '0',
                        od_pg             = 'eximbay',
                        od_tno            = 'EC4230299520200325000039',
                        od_app_no         = '792628',
                        od_escrow         = '0',
                        od_tax_flag       = '0',
                        od_tax_mny        = '10',
                        od_vat_mny        = '1',
                        od_free_mny       = '0',
                        od_status         = '입금',
                        od_shop_memo      = '',
                        od_hope_date      = '',
                        od_time           = '2020-03-25 13:11:28',
                        od_mobile         = '0',
                        od_ip             = '125.179.18.254',
                        od_settle_case    = '신용카드',
                        od_test           = '1',
                        od_eximbay_cur    = 'USD'
                        
